::1 - - [13/May/2026:17:49:44 +0000] "POST /api/auth/register HTTP/1.1" 201 333 "-" "PostmanRuntime/7.51.1"
::1 - - [15/May/2026:15:21:25 +0000] "POST /api/auth/register HTTP/1.1" 201 290 "-" "PostmanRuntime/7.53.0"
::1 - - [15/May/2026:15:22:12 +0000] "POST /api/auth/register HTTP/1.1" 400 33 "-" "PostmanRuntime/7.53.0"
::1 - - [15/May/2026:19:50:13 +0000] "POST /api/auth/register HTTP/1.1" 201 304 "-" "curl/8.7.1"
::1 - - [15/May/2026:19:50:20 +0000] "POST /api/notes HTTP/1.1" 500 181 "-" "curl/8.7.1"
::1 - - [15/May/2026:19:51:03 +0000] "POST /api/auth/register HTTP/1.1" 201 393 "-" "curl/8.7.1"
::1 - - [15/May/2026:19:51:10 +0000] "POST /api/notes HTTP/1.1" 201 304 "-" "curl/8.7.1"
::1 - - [15/May/2026:19:51:16 +0000] "GET /api/notes HTTP/1.1" 200 319 "-" "curl/8.7.1"
::1 - - [15/May/2026:19:51:21 +0000] "GET /api/notes HTTP/1.1" 401 63 "-" "curl/8.7.1"
::1 - - [15/May/2026:19:51:28 +0000] "GET /api/notes HTTP/1.1" 403 78 "-" "curl/8.7.1"
::1 - - [15/May/2026:19:51:34 +0000] "POST /api/notes HTTP/1.1" 400 101 "-" "curl/8.7.1"
::1 - - [15/May/2026:19:51:40 +0000] "POST /api/notes HTTP/1.1" 400 107 "-" "curl/8.7.1"
::1 - - [15/May/2026:19:51:50 +0000] "POST /api/notes HTTP/1.1" 201 305 "-" "curl/8.7.1"
::1 - - [15/May/2026:19:51:58 +0000] "PUT /api/notes/6a0779563ce0638bc7587155 HTTP/1.1" 200 320 "-" "curl/8.7.1"
::1 - - [15/May/2026:19:52:06 +0000] "DELETE /api/notes/6a0779563ce0638bc7587155 HTTP/1.1" 200 54 "-" "curl/8.7.1"
::1 - - [15/May/2026:19:53:07 +0000] "DELETE /api/notes/6a0779563ce0638bc7587155 HTTP/1.1" 404 86 "-" "curl/8.7.1"
::1 - - [15/May/2026:19:53:16 +0000] "POST /api/auth/register HTTP/1.1" 201 384 "-" "curl/8.7.1"
::1 - - [15/May/2026:19:53:24 +0000] "DELETE /api/notes/6a07792d3ce0638bc7587154 HTTP/1.1" 404 86 "-" "curl/8.7.1"
::1 - - [15/May/2026:19:53:30 +0000] "DELETE /api/notes/invalid-id-format HTTP/1.1" 400 52 "-" "curl/8.7.1"
::1 - - [15/May/2026:19:53:35 +0000] "POST /api/notes HTTP/1.1" 400 84 "-" "curl/8.7.1"
::1 - - [15/May/2026:19:55:34 +0000] "GET /api/notes HTTP/1.1" 401 63 "-" "curl/8.7.1"
::1 - - [15/May/2026:19:55:50 +0000] "GET /api/notes HTTP/1.1" 401 63 "-" "curl/8.7.1"
::1 - - [15/May/2026:19:56:08 +0000] "GET /api/notes HTTP/1.1" 401 63 "-" "curl/8.7.1"
::1 - - [15/May/2026:19:57:46 +0000] "GET /api/notes HTTP/1.1" 401 63 "-" "Mozilla/5.0 (Macintosh; Intel Mac OS X 10_15_7) AppleWebKit/537.36 (KHTML, like Gecko) Code/1.118.1 Chrome/142.0.7444.265 Electron/39.8.8 Safari/537.36"
::1 - - [15/May/2026:19:57:46 +0000] "GET /favicon.ico HTTP/1.1" 404 150 "-" "Mozilla/5.0 (Macintosh; Intel Mac OS X 10_15_7) AppleWebKit/537.36 (KHTML, like Gecko) Code/1.118.1 Chrome/142.0.7444.265 Electron/39.8.8 Safari/537.36"
::1 - - [15/May/2026:19:59:41 +0000] "GET /api/notes HTTP/1.1" 401 63 "-" "Mozilla/5.0 (Macintosh; Intel Mac OS X 10_15_7) AppleWebKit/537.36 (KHTML, like Gecko) Code/1.118.1 Chrome/142.0.7444.265 Electron/39.8.8 Safari/537.36"
::1 - - [15/May/2026:20:00:34 +0000] "GET /api/notes HTTP/1.1" 401 63 "-" "Mozilla/5.0 (Macintosh; Intel Mac OS X 10_15_7) AppleWebKit/537.36 (KHTML, like Gecko) Code/1.118.1 Chrome/142.0.7444.265 Electron/39.8.8 Safari/537.36"
::1 - - [15/May/2026:20:02:14 +0000] "GET /api/auth/register HTTP/1.1" 404 156 "-" "Mozilla/5.0 (Macintosh; Intel Mac OS X 10_15_7) AppleWebKit/537.36 (KHTML, like Gecko) Code/1.118.1 Chrome/142.0.7444.265 Electron/39.8.8 Safari/537.36"
::1 - - [15/May/2026:20:03:03 +0000] "GET /api/auth/register HTTP/1.1" 404 156 "-" "Mozilla/5.0 (Macintosh; Intel Mac OS X 10_15_7) AppleWebKit/537.36 (KHTML, like Gecko) Code/1.118.1 Chrome/142.0.7444.265 Electron/39.8.8 Safari/537.36"
::1 - - [15/May/2026:20:04:46 +0000] "GET /api/auth/register HTTP/1.1" 404 156 "-" "Mozilla/5.0 (Macintosh; Intel Mac OS X 10_15_7) AppleWebKit/537.36 (KHTML, like Gecko) Code/1.118.1 Chrome/142.0.7444.265 Electron/39.8.8 Safari/537.36"
::1 - - [15/May/2026:20:07:58 +0000] "GET /api/notes HTTP/1.1" 401 63 "-" "Mozilla/5.0 (Macintosh; Intel Mac OS X 10_15_7) AppleWebKit/537.36 (KHTML, like Gecko) Code/1.118.1 Chrome/142.0.7444.265 Electron/39.8.8 Safari/537.36"
::1 - - [15/May/2026:20:08:30 +0000] "GET /api/notes HTTP/1.1" 401 63 "-" "Mozilla/5.0 (Macintosh; Intel Mac OS X 10_15_7) AppleWebKit/537.36 (KHTML, like Gecko) Code/1.118.1 Chrome/142.0.7444.265 Electron/39.8.8 Safari/537.36"
::1 - - [15/May/2026:20:30:00 +0000] "POST /api/auth/register HTTP/1.1" 500 109 "-" "PostmanRuntime/7.54.0"
::1 - - [15/May/2026:20:30:26 +0000] "POST /api/auth/register HTTP/1.1" 500 109 "-" "PostmanRuntime/7.54.0"
::1 - - [15/May/2026:20:30:28 +0000] "POST /api/auth/register HTTP/1.1" 500 109 "-" "PostmanRuntime/7.54.0"
::1 - - [15/May/2026:20:31:11 +0000] "POST /api/auth/register HTTP/1.1" 500 109 "-" "PostmanRuntime/7.54.0"
::1 - - [15/May/2026:20:31:21 +0000] "POST /api/auth/register HTTP/1.1" 500 109 "-" "PostmanRuntime/7.54.0"
::1 - - [15/May/2026:20:32:03 +0000] "GET /api/auth/register HTTP/1.1" 404 156 "-" "PostmanRuntime/7.54.0"
::1 - - [15/May/2026:20:32:19 +0000] "GET /api/auth/register HTTP/1.1" 404 156 "-" "PostmanRuntime/7.54.0"
::1 - - [15/May/2026:20:33:17 +0000] "GET /api/auth/register HTTP/1.1" 404 156 "-" "PostmanRuntime/7.54.0"
::1 - - [15/May/2026:20:33:33 +0000] "GET /api/auth/register HTTP/1.1" 404 156 "-" "PostmanRuntime/7.54.0"
::1 - - [15/May/2026:20:35:00 +0000] "POST /api/auth/register HTTP/1.1" 400 33 "-" "PostmanRuntime/7.54.0"
::1 - - [15/May/2026:20:35:13 +0000] "POST /api/auth/register HTTP/1.1" 201 381 "-" "PostmanRuntime/7.54.0"
::1 - - [15/May/2026:20:36:28 +0000] "POST /api/notes HTTP/1.1" 401 63 "-" "PostmanRuntime/7.54.0"
::1 - - [15/May/2026:20:38:16 +0000] "POST /api/notes HTTP/1.1" 201 283 "-" "PostmanRuntime/7.54.0"
